<?xml version="1.0" encoding="UTF-8"?>
<coverage generated="1674370017475" clover="3.2.0">
  <project timestamp="1674370017475" name="All files">
    <metrics statements="21" coveredstatements="18" conditionals="4" coveredconditionals="4" methods="9" coveredmethods="8" elements="34" coveredelements="30" complexity="0" loc="21" ncloc="21" packages="2" files="4" classes="4"/>
    <package name="vadmark-ui">
      <metrics statements="0" coveredstatements="0" conditionals="0" coveredconditionals="0" methods="0" coveredmethods="0"/>
      <file name="setupTests.js" path="C:\Users\vmark\WebstormProjects\vadmark-ui\setupTests.js">
        <metrics statements="0" coveredstatements="0" conditionals="0" coveredconditionals="0" methods="0" coveredmethods="0"/>
      </file>
    </package>
    <package name="vadmark-ui.src">
      <metrics statements="21" coveredstatements="18" conditionals="4" coveredconditionals="4" methods="9" coveredmethods="8"/>
      <file name="App.js" path="C:\Users\vmark\WebstormProjects\vadmark-ui\src\App.js">
        <metrics statements="11" coveredstatements="11" conditionals="4" coveredconditionals="4" methods="5" coveredmethods="5"/>
        <line num="7" count="1" type="stmt"/>
        <line num="8" count="17" type="stmt"/>
        <line num="9" count="17" type="stmt"/>
        <line num="10" count="17" type="stmt"/>
        <line num="12" count="17" type="stmt"/>
        <line num="13" count="5" type="stmt"/>
        <line num="14" count="5" type="stmt"/>
        <line num="18" count="17" type="stmt"/>
        <line num="19" count="2" type="stmt"/>
        <line num="22" count="17" type="stmt"/>
        <line num="29" count="8" type="stmt"/>
      </file>
      <file name="Button.js" path="C:\Users\vmark\WebstormProjects\vadmark-ui\src\Button.js">
        <metrics statements="2" coveredstatements="2" conditionals="0" coveredconditionals="0" methods="1" coveredmethods="1"/>
        <line num="8" count="1" type="stmt"/>
        <line num="9" count="1" type="stmt"/>
      </file>
      <file name="common.js" path="C:\Users\vmark\WebstormProjects\vadmark-ui\src\common.js">
        <metrics statements="8" coveredstatements="5" conditionals="0" coveredconditionals="0" methods="3" coveredmethods="2"/>
        <line num="5" count="6" type="stmt"/>
        <line num="13" count="1" type="stmt"/>
        <line num="14" count="3" type="stmt"/>
        <line num="17" count="1" type="stmt"/>
        <line num="18" count="0" type="stmt"/>
        <line num="19" count="0" type="stmt"/>
        <line num="20" count="0" type="stmt"/>
        <line num="23" count="1" type="stmt"/>
      </file>
    </package>
  </project>
</coverage>
