{"C:\\Users\\vmark\\WebstormProjects\\vadmark-ui\\setupTests.js": {"path":"C:\\Users\\vmark\\WebstormProjects\\vadmark-ui\\setupTests.js","statementMap":{},"fnMap":{},"branchMap":{},"s":{},"f":{},"b":{},"_coverageSchema":"1a1c01bbd47fc00a2c39e90264f33305004495a9","hash":"d3a4f22579f362aa61ce609149105cd5c18974fc"}
,"C:\\Users\\vmark\\WebstormProjects\\vadmark-ui\\src\\App.js": {"path":"C:\\Users\\vmark\\WebstormProjects\\vadmark-ui\\src\\App.js","statementMap":{"0":{"start":{"line":7,"column":12},"end":{"line":32,"column":1}},"1":{"start":{"line":8,"column":28},"end":{"line":8,"column":42}},"2":{"start":{"line":9,"column":32},"end":{"line":9,"column":47}},"3":{"start":{"line":10,"column":30},"end":{"line":10,"column":42}},"4":{"start":{"line":12,"column":4},"end":{"line":16,"column":11}},"5":{"start":{"line":13,"column":8},"end":{"line":15,"column":16}},"6":{"start":{"line":14,"column":12},"end":{"line":14,"column":24}},"7":{"start":{"line":18,"column":25},"end":{"line":20,"column":5}},"8":{"start":{"line":19,"column":8},"end":{"line":19,"column":27}},"9":{"start":{"line":22,"column":4},"end":{"line":31,"column":5}},"10":{"start":{"line":29,"column":101},"end":{"line":29,"column":125}}},"fnMap":{"0":{"name":"(anonymous_0)","decl":{"start":{"line":7,"column":12},"end":{"line":7,"column":13}},"loc":{"start":{"line":7,"column":23},"end":{"line":32,"column":1}},"line":7},"1":{"name":"(anonymous_1)","decl":{"start":{"line":12,"column":14},"end":{"line":12,"column":15}},"loc":{"start":{"line":12,"column":19},"end":{"line":16,"column":5}},"line":12},"2":{"name":"(anonymous_2)","decl":{"start":{"line":13,"column":19},"end":{"line":13,"column":20}},"loc":{"start":{"line":13,"column":23},"end":{"line":15,"column":9}},"line":13},"3":{"name":"(anonymous_3)","decl":{"start":{"line":18,"column":25},"end":{"line":18,"column":26}},"loc":{"start":{"line":18,"column":30},"end":{"line":20,"column":5}},"line":18},"4":{"name":"(anonymous_4)","decl":{"start":{"line":29,"column":98},"end":{"line":29,"column":99}},"loc":{"start":{"line":29,"column":101},"end":{"line":29,"column":125}},"line":29}},"branchMap":{"0":{"loc":{"start":{"line":25,"column":13},"end":{"line":25,"column":79}},"type":"binary-expr","locations":[{"start":{"line":25,"column":13},"end":{"line":25,"column":28}},{"start":{"line":25,"column":32},"end":{"line":25,"column":79}}],"line":25},"1":{"loc":{"start":{"line":26,"column":13},"end":{"line":26,"column":36}},"type":"binary-expr","locations":[{"start":{"line":26,"column":13},"end":{"line":26,"column":17}},{"start":{"line":26,"column":21},"end":{"line":26,"column":36}}],"line":26}},"s":{"0":1,"1":17,"2":17,"3":17,"4":17,"5":5,"6":5,"7":17,"8":2,"9":17,"10":8},"f":{"0":17,"1":5,"2":5,"3":2,"4":8},"b":{"0":[17,1],"1":[17,7]},"_coverageSchema":"1a1c01bbd47fc00a2c39e90264f33305004495a9","hash":"d47d056754f90dcab8587669dfe75f412799a4d4"}
,"C:\\Users\\vmark\\WebstormProjects\\vadmark-ui\\src\\Button.js": {"path":"C:\\Users\\vmark\\WebstormProjects\\vadmark-ui\\src\\Button.js","statementMap":{"0":{"start":{"line":8,"column":15},"end":{"line":14,"column":1}},"1":{"start":{"line":9,"column":4},"end":{"line":13,"column":6}}},"fnMap":{"0":{"name":"(anonymous_0)","decl":{"start":{"line":8,"column":15},"end":{"line":8,"column":16}},"loc":{"start":{"line":8,"column":21},"end":{"line":14,"column":1}},"line":8}},"branchMap":{},"s":{"0":1,"1":1},"f":{"0":1},"b":{},"_coverageSchema":"1a1c01bbd47fc00a2c39e90264f33305004495a9","hash":"f56a63bcf3f5868007a69935d14984d608e9ec6c"}
,"C:\\Users\\vmark\\WebstormProjects\\vadmark-ui\\src\\common.js": {"path":"C:\\Users\\vmark\\WebstormProjects\\vadmark-ui\\src\\common.js","statementMap":{"0":{"start":{"line":5,"column":19},"end":{"line":5,"column":29}},"1":{"start":{"line":5,"column":25},"end":{"line":5,"column":29}},"2":{"start":{"line":13,"column":15},"end":{"line":15,"column":1}},"3":{"start":{"line":14,"column":4},"end":{"line":14,"column":17}},"4":{"start":{"line":17,"column":21},"end":{"line":21,"column":1}},"5":{"start":{"line":18,"column":4},"end":{"line":18,"column":33}},"6":{"start":{"line":19,"column":4},"end":{"line":19,"column":34}},"7":{"start":{"line":20,"column":4},"end":{"line":20,"column":34}},"8":{"start":{"line":23,"column":0},"end":{"line":26,"column":1}}},"fnMap":{"0":{"name":"(anonymous_0)","decl":{"start":{"line":5,"column":19},"end":{"line":5,"column":20}},"loc":{"start":{"line":5,"column":25},"end":{"line":5,"column":29}},"line":5},"1":{"name":"(anonymous_1)","decl":{"start":{"line":13,"column":15},"end":{"line":13,"column":16}},"loc":{"start":{"line":13,"column":25},"end":{"line":15,"column":1}},"line":13},"2":{"name":"(anonymous_2)","decl":{"start":{"line":17,"column":21},"end":{"line":17,"column":22}},"loc":{"start":{"line":17,"column":27},"end":{"line":21,"column":1}},"line":17}},"branchMap":{},"s":{"0":1,"1":6,"2":1,"3":3,"4":1,"5":0,"6":0,"7":0,"8":1},"f":{"0":6,"1":3,"2":0},"b":{},"_coverageSchema":"1a1c01bbd47fc00a2c39e90264f33305004495a9","hash":"3c7dbf56c5e3876b7871c28b82a55013012ffd4b"}
}
