TN:
SF:setupTests.js
FNF:0
FNH:0
LF:0
LH:0
BRF:0
BRH:0
end_of_record
TN:
SF:src\App.js
FN:7,(anonymous_0)
FN:12,(anonymous_1)
FN:13,(anonymous_2)
FN:18,(anonymous_3)
FN:29,(anonymous_4)
FNF:5
FNH:5
FNDA:17,(anonymous_0)
FNDA:5,(anonymous_1)
FNDA:5,(anonymous_2)
FNDA:2,(anonymous_3)
FNDA:8,(anonymous_4)
DA:7,1
DA:8,17
DA:9,17
DA:10,17
DA:12,17
DA:13,5
DA:14,5
DA:18,17
DA:19,2
DA:22,17
DA:29,8
LF:11
LH:11
BRDA:25,0,0,17
BRDA:25,0,1,1
BRDA:26,1,0,17
BRDA:26,1,1,7
BRF:4
BRH:4
end_of_record
TN:
SF:src\Button.js
FN:8,(anonymous_0)
FNF:1
FNH:1
FNDA:1,(anonymous_0)
DA:8,1
DA:9,1
LF:2
LH:2
BRF:0
BRH:0
end_of_record
TN:
SF:src\common.js
FN:5,(anonymous_0)
FN:13,(anonymous_1)
FN:17,(anonymous_2)
FNF:3
FNH:2
FNDA:6,(anonymous_0)
FNDA:3,(anonymous_1)
FNDA:0,(anonymous_2)
DA:5,6
DA:13,1
DA:14,3
DA:17,1
DA:18,0
DA:19,0
DA:20,0
DA:23,1
LF:8
LH:5
BRF:0
BRH:0
end_of_record
